index,uuid,driver_version,name,gpu_serial,display_active,display_mode
0,GPU-43db14ef-15e7-0c43-1a35-c81191c2a009,546.17,NVIDIA GeForce RTX 4070,[N/A],Enabled,Enabled

pid,process_name,gpu_uuid,gpu_name,used_memory
index,utilization_gpu,memory_total,memory_used,memory_free,timestamp
0,5,12282,405,11620,2024/03/11 16:02:37.871
0,31,12282,9337,2688,2024/03/11 16:03:07.921
0,78,12282,9712,2313,2024/03/11 16:03:37.963
0,0,12282,9712,2313,2024/03/11 16:04:08.007
0,1,12282,9709,2316,2024/03/11 16:04:38.046
0,62,12282,9709,2316,2024/03/11 16:05:08.090
0,3,12282,9709,2316,2024/03/11 16:05:38.142
0,0,12282,9709,2316,2024/03/11 16:06:08.189
0,6,12282,9709,2316,2024/03/11 16:06:38.244
0,0,12282,9709,2316,2024/03/11 16:07:08.291
0,4,12282,9709,2316,2024/03/11 16:07:38.344
0,0,12282,9709,2316,2024/03/11 16:08:08.392
0,0,12282,9709,2316,2024/03/11 16:08:38.439
0,0,12282,9709,2316,2024/03/11 16:09:08.482
0,0,12282,9709,2316,2024/03/11 16:09:38.535
0,0,12282,9718,2307,2024/03/11 16:10:08.596
0,0,12282,9718,2307,2024/03/11 16:10:38.634
0,3,12282,9718,2307,2024/03/11 16:11:08.691
0,2,12282,9718,2307,2024/03/11 16:11:38.740
0,9,12282,9718,2307,2024/03/11 16:12:08.786
0,7,12282,9718,2307,2024/03/11 16:12:38.844
0,0,12282,9718,2307,2024/03/11 16:13:08.896
0,1,12282,9718,2307,2024/03/11 16:13:38.952
0,3,12282,9718,2307,2024/03/11 16:14:09.002
0,1,12282,9718,2307,2024/03/11 16:14:39.049
0,0,12282,9718,2307,2024/03/11 16:15:09.104
0,0,12282,9718,2307,2024/03/11 16:15:39.151
0,0,12282,9718,2307,2024/03/11 16:16:09.194
0,0,12282,9718,2307,2024/03/11 16:16:39.244
0,7,12282,9722,2303,2024/03/11 16:17:09.288
0,0,12282,9722,2303,2024/03/11 16:17:39.327
0,9,12282,9722,2303,2024/03/11 16:18:09.377
0,0,12282,9722,2303,2024/03/11 16:18:39.438
0,85,12282,9722,2303,2024/03/11 16:19:09.490
0,2,12282,9722,2303,2024/03/11 16:19:39.541
0,0,12282,9722,2303,2024/03/11 16:20:09.586
0,0,12282,9722,2303,2024/03/11 16:20:39.630
0,0,12282,9722,2303,2024/03/11 16:21:09.687
0,99,12282,9722,2303,2024/03/11 16:21:39.738
0,0,12282,9722,2303,2024/03/11 16:22:09.777
0,25,12282,9722,2303,2024/03/11 16:22:39.830
0,0,12282,9722,2303,2024/03/11 16:23:09.876
0,0,12282,9722,2303,2024/03/11 16:23:39.926
0,0,12282,9722,2303,2024/03/11 16:24:09.978
0,0,12282,9722,2303,2024/03/11 16:24:40.031
0,0,12282,9722,2303,2024/03/11 16:25:10.081
0,0,12282,9722,2303,2024/03/11 16:25:40.128
0,0,12282,9722,2303,2024/03/11 16:26:10.175
0,10,12282,9722,2303,2024/03/11 16:26:40.229
0,25,12282,9722,2303,2024/03/11 16:27:10.272
0,0,12282,9722,2303,2024/03/11 16:27:40.332
0,14,12282,9722,2303,2024/03/11 16:28:10.381
0,57,12282,9722,2303,2024/03/11 16:28:40.452
0,6,12282,9722,2303,2024/03/11 16:29:10.500
0,0,12282,9722,2303,2024/03/11 16:29:40.542
0,0,12282,9722,2303,2024/03/11 16:30:10.594
0,0,12282,9722,2303,2024/03/11 16:30:40.641
0,0,12282,9722,2303,2024/03/11 16:31:10.687
0,0,12282,9722,2303,2024/03/11 16:31:40.734
0,16,12282,9722,2303,2024/03/11 16:32:10.773
0,0,12282,9722,2303,2024/03/11 16:32:40.814
0,0,12282,9722,2303,2024/03/11 16:33:10.856
0,1,12282,9722,2303,2024/03/11 16:33:40.900
0,0,12282,9722,2303,2024/03/11 16:34:10.952
0,0,12282,9722,2303,2024/03/11 16:34:41.008
0,0,12282,9722,2303,2024/03/11 16:35:11.054
0,1,12282,9722,2303,2024/03/11 16:35:41.107
0,0,12282,9722,2303,2024/03/11 16:36:11.153
0,7,12282,9722,2303,2024/03/11 16:36:41.194
0,0,12282,9722,2303,2024/03/11 16:37:11.250
0,89,12282,9722,2303,2024/03/11 16:37:41.307
0,69,12282,9722,2303,2024/03/11 16:38:11.351
0,4,12282,9722,2303,2024/03/11 16:38:41.401
0,0,12282,9722,2303,2024/03/11 16:39:11.445
0,2,12282,9722,2303,2024/03/11 16:39:41.495
0,0,12282,9722,2303,2024/03/11 16:40:11.538
0,74,12282,9722,2303,2024/03/11 16:40:41.584
0,2,12282,9722,2303,2024/03/11 16:41:11.639
0,51,12282,9722,2303,2024/03/11 16:41:41.686
0,0,12282,9715,2310,2024/03/11 16:42:11.730
0,0,12282,9715,2310,2024/03/11 16:42:41.782
0,0,12282,9715,2310,2024/03/11 16:43:11.838
0,0,12282,9715,2310,2024/03/11 16:43:41.884
0,0,12282,9715,2310,2024/03/11 16:44:11.930
0,0,12282,9715,2310,2024/03/11 16:44:41.983
0,0,12282,9715,2310,2024/03/11 16:45:12.036
0,84,12282,9715,2310,2024/03/11 16:45:42.092
0,0,12282,9715,2310,2024/03/11 16:46:12.144
0,3,12282,9715,2310,2024/03/11 16:46:42.199
0,0,12282,9715,2310,2024/03/11 16:47:12.241
0,0,12282,9715,2310,2024/03/11 16:47:42.288
0,0,12282,9715,2310,2024/03/11 16:48:12.337
0,1,12282,9715,2310,2024/03/11 16:48:42.389
0,1,12282,9715,2310,2024/03/11 16:49:12.428
0,1,12282,9715,2310,2024/03/11 16:49:42.471
0,5,12282,9715,2310,2024/03/11 16:50:12.522
0,65,12282,9715,2310,2024/03/11 16:50:42.569
0,63,12282,9715,2310,2024/03/11 16:51:12.650
0,0,12282,9719,2306,2024/03/11 16:51:42.732
0,77,12282,9719,2306,2024/03/11 16:52:12.784
0,0,12282,9719,2306,2024/03/11 16:52:42.829
0,96,12282,9719,2306,2024/03/11 16:53:12.873
0,0,12282,9719,2306,2024/03/11 16:53:42.917
0,70,12282,9719,2306,2024/03/11 16:54:12.959
0,1,12282,9719,2306,2024/03/11 16:54:43.012
0,0,12282,9719,2306,2024/03/11 16:55:13.064
0,0,12282,9719,2306,2024/03/11 16:55:43.106
0,0,12282,9719,2306,2024/03/11 16:56:13.147
0,0,12282,9719,2306,2024/03/11 16:56:43.195
0,1,12282,9719,2306,2024/03/11 16:57:13.234
0,5,12282,9719,2306,2024/03/11 16:57:43.278
0,0,12282,9719,2306,2024/03/11 16:58:13.326
0,0,12282,9719,2306,2024/03/11 16:58:43.376
0,69,12282,9719,2306,2024/03/11 16:59:13.426
0,0,12282,9719,2306,2024/03/11 16:59:43.478
0,28,12282,9719,2306,2024/03/11 17:00:13.533
0,0,12282,9719,2306,2024/03/11 17:00:43.575
0,38,12282,9719,2306,2024/03/11 17:01:13.620
0,69,12282,9719,2306,2024/03/11 17:01:43.680
0,5,12282,9719,2306,2024/03/11 17:02:13.726
0,0,12282,9719,2306,2024/03/11 17:02:43.781
0,0,12282,9719,2306,2024/03/11 17:03:13.824
0,1,12282,9719,2306,2024/03/11 17:03:43.872
0,7,12282,9719,2306,2024/03/11 17:04:13.925
0,1,12282,9719,2306,2024/03/11 17:04:43.979
0,0,12282,9719,2306,2024/03/11 17:05:14.025
0,26,12282,9719,2306,2024/03/11 17:05:44.079
0,0,12282,9719,2306,2024/03/11 17:06:14.130
0,3,12282,9719,2306,2024/03/11 17:06:44.183
0,2,12282,9719,2306,2024/03/11 17:07:14.226
0,0,12282,9719,2306,2024/03/11 17:07:44.274
0,0,12282,9719,2306,2024/03/11 17:08:14.319
0,4,12282,9719,2306,2024/03/11 17:08:44.363
0,0,12282,9719,2306,2024/03/11 17:09:14.409
0,0,12282,9719,2306,2024/03/11 17:09:44.458
0,0,12282,9719,2306,2024/03/11 17:10:14.500
0,1,12282,9719,2306,2024/03/11 17:10:44.539
0,72,12282,9719,2306,2024/03/11 17:11:14.587
0,0,12282,9719,2306,2024/03/11 17:11:44.633
0,1,12282,9719,2306,2024/03/11 17:12:14.679
0,0,12282,9719,2306,2024/03/11 17:12:44.724
0,3,12282,9719,2306,2024/03/11 17:13:14.781
0,0,12282,9719,2306,2024/03/11 17:13:44.836
0,6,12282,9719,2306,2024/03/11 17:14:14.885
0,0,12282,9719,2306,2024/03/11 17:14:44.933
0,0,12282,9719,2306,2024/03/11 17:15:14.976
0,0,12282,9719,2306,2024/03/11 17:15:45.027
0,0,12282,9719,2306,2024/03/11 17:16:15.080
0,38,12282,9719,2306,2024/03/11 17:16:45.129
0,1,12282,9719,2306,2024/03/11 17:17:15.178
0,42,12282,9719,2306,2024/03/11 17:17:45.218
0,0,12282,9719,2306,2024/03/11 17:18:13.874
0,1,12282,9719,2306,2024/03/11 17:18:43.918
0,76,12282,9719,2306,2024/03/11 17:19:13.964
0,0,12282,9719,2306,2024/03/11 17:19:44.018
0,14,12282,9719,2306,2024/03/11 17:20:14.075
0,1,12282,9719,2306,2024/03/11 17:20:44.127
0,43,12282,9719,2306,2024/03/11 17:21:14.169
0,1,12282,9719,2306,2024/03/11 17:21:44.244
0,8,12282,9719,2306,2024/03/11 17:22:14.284
0,48,12282,9719,2306,2024/03/11 17:22:44.325
0,0,12282,9719,2306,2024/03/11 17:23:14.380
0,1,12282,9719,2306,2024/03/11 17:23:44.436
0,60,12282,9719,2306,2024/03/11 17:24:14.477
0,0,12282,9719,2306,2024/03/11 17:24:44.531
0,0,12282,9719,2306,2024/03/11 17:25:14.575
0,14,12282,9719,2306,2024/03/11 17:25:44.620
0,8,12282,9723,2302,2024/03/11 17:26:14.664
0,0,12282,9723,2302,2024/03/11 17:26:44.709
0,0,12282,9723,2302,2024/03/11 17:27:14.754
0,78,12282,9723,2302,2024/03/11 17:27:44.808
0,4,12282,9723,2302,2024/03/11 17:28:14.863
0,0,12282,9723,2302,2024/03/11 17:28:44.913
0,0,12282,9723,2302,2024/03/11 17:29:14.962
0,0,12282,9723,2302,2024/03/11 17:29:45.010
0,50,12282,9723,2302,2024/03/11 17:30:15.053
0,16,12282,9723,2302,2024/03/11 17:30:45.114
0,5,12282,9723,2302,2024/03/11 17:31:15.164
0,0,12282,9723,2302,2024/03/11 17:31:45.219
0,4,12282,9723,2302,2024/03/11 17:32:15.259
0,94,12282,9723,2302,2024/03/11 17:32:45.302
0,35,12282,9723,2302,2024/03/11 17:33:15.354
0,0,12282,9723,2302,2024/03/11 17:33:45.397
0,0,12282,9723,2302,2024/03/11 17:34:15.442
0,79,12282,9723,2302,2024/03/11 17:34:45.504
0,1,12282,9723,2302,2024/03/11 17:35:15.552
0,0,12282,9723,2302,2024/03/11 17:35:45.593
0,43,12282,9723,2302,2024/03/11 17:36:15.645
0,77,12282,9723,2302,2024/03/11 17:36:45.686
0,1,12282,9723,2302,2024/03/11 17:37:15.736
0,0,12282,9723,2302,2024/03/11 17:37:45.782
0,0,12282,9723,2302,2024/03/11 17:38:15.823
0,0,12282,9723,2302,2024/03/11 17:38:45.867
0,0,12282,9723,2302,2024/03/11 17:39:15.915
0,1,12282,9723,2302,2024/03/11 17:39:45.968
0,11,12282,9723,2302,2024/03/11 17:40:16.016
0,83,12282,9723,2302,2024/03/11 17:40:46.066
0,12,12282,9723,2302,2024/03/11 17:41:16.116
0,8,12282,9723,2302,2024/03/11 17:41:46.161
0,0,12282,9723,2302,2024/03/11 17:42:16.206
0,1,12282,9723,2302,2024/03/11 17:42:46.249
0,0,12282,9723,2302,2024/03/11 17:43:16.294
0,94,12282,9723,2302,2024/03/11 17:43:46.359
0,13,12282,9723,2302,2024/03/11 17:44:16.458
0,0,12282,9723,2302,2024/03/11 17:44:46.505
0,1,12282,9723,2302,2024/03/11 17:45:16.556
0,95,12282,9723,2302,2024/03/11 17:45:46.601
0,3,12282,9723,2302,2024/03/11 17:46:16.680
0,7,12282,9723,2302,2024/03/11 17:46:46.728
0,0,12282,9725,2300,2024/03/11 17:47:16.773
0,22,12282,9725,2300,2024/03/11 17:47:46.814
0,0,12282,9725,2300,2024/03/11 17:48:16.932
0,0,12282,9725,2300,2024/03/11 17:48:46.972
0,27,12282,9725,2300,2024/03/11 17:49:17.011
0,0,12282,9725,2300,2024/03/11 17:49:47.065
0,8,12282,9725,2300,2024/03/11 17:50:17.107
0,0,12282,9725,2300,2024/03/11 17:50:47.148
0,7,12282,9725,2300,2024/03/11 17:51:17.195
0,59,12282,9725,2300,2024/03/11 17:51:47.243
0,0,12282,9725,2300,2024/03/11 17:52:17.283
0,0,12282,9725,2300,2024/03/11 17:52:47.334
0,0,12282,9725,2300,2024/03/11 17:53:17.385
0,1,12282,9725,2300,2024/03/11 17:53:47.435
0,6,12282,9725,2300,2024/03/11 17:54:17.490
0,0,12282,9725,2300,2024/03/11 17:54:47.542
0,0,12282,9725,2300,2024/03/11 17:55:17.717
0,0,12282,9725,2300,2024/03/11 17:55:47.759
0,80,12282,9725,2300,2024/03/11 17:56:17.807
0,0,12282,9725,2300,2024/03/11 17:56:47.860
0,4,12282,9725,2300,2024/03/11 17:57:17.914
0,26,12282,9725,2300,2024/03/11 17:57:47.970
0,10,12282,9725,2300,2024/03/11 17:58:18.023
0,3,12282,9725,2300,2024/03/11 17:58:48.069
0,0,12282,9725,2300,2024/03/11 17:59:18.117
0,0,12282,9725,2300,2024/03/11 17:59:48.177
0,20,12282,9725,2300,2024/03/11 18:00:18.219
0,12,12282,9729,2296,2024/03/11 18:00:48.261
0,0,12282,9729,2296,2024/03/11 18:01:18.317
0,20,12282,9729,2296,2024/03/11 18:01:48.376
0,3,12282,9729,2296,2024/03/11 18:02:18.422
0,0,12282,9729,2296,2024/03/11 18:02:48.475
0,0,12282,9729,2296,2024/03/11 18:03:18.517
0,24,12282,9729,2296,2024/03/11 18:03:48.564
0,0,12282,9729,2296,2024/03/11 18:04:18.608
0,1,12282,9729,2296,2024/03/11 18:04:48.651
0,62,12282,9729,2296,2024/03/11 18:05:18.693
0,3,12282,9729,2296,2024/03/11 18:05:48.745
0,56,12282,9729,2296,2024/03/11 18:06:18.788
0,0,12282,9729,2296,2024/03/11 18:06:48.844
0,14,12282,9729,2296,2024/03/11 18:07:18.888
0,0,12282,9729,2296,2024/03/11 18:07:48.930
0,0,12282,9729,2296,2024/03/11 18:08:18.975
0,1,12282,9729,2296,2024/03/11 18:08:49.026
0,0,12282,9729,2296,2024/03/11 18:09:19.077
0,0,12282,9729,2296,2024/03/11 18:09:49.129
0,89,12282,9729,2296,2024/03/11 18:10:19.210
0,7,12282,9729,2296,2024/03/11 18:10:49.254
0,0,12282,9729,2296,2024/03/11 18:11:19.323
0,0,12282,9729,2296,2024/03/11 18:11:49.365
0,1,12282,9729,2296,2024/03/11 18:12:19.418
0,10,12282,9729,2296,2024/03/11 18:12:49.465
0,5,12282,9729,2296,2024/03/11 18:13:19.521
0,1,12282,9729,2296,2024/03/11 18:13:49.573
0,0,12282,9729,2296,2024/03/11 18:14:19.622
0,9,12282,9729,2296,2024/03/11 18:14:49.676
0,51,12282,9729,2296,2024/03/11 18:15:19.731
0,9,12282,9729,2296,2024/03/11 18:15:49.776
0,0,12282,9729,2296,2024/03/11 18:16:19.831
0,0,12282,9729,2296,2024/03/11 18:16:49.892
0,0,12282,9729,2296,2024/03/11 18:17:19.932
0,0,12282,9729,2296,2024/03/11 18:17:49.978
0,3,12282,9729,2296,2024/03/11 18:18:20.020
0,0,12282,9729,2296,2024/03/11 18:18:50.061
0,73,12282,9729,2296,2024/03/11 18:19:20.103
0,62,12282,9729,2296,2024/03/11 18:19:50.151
0,0,12282,9729,2296,2024/03/11 18:20:20.205
0,1,12282,9729,2296,2024/03/11 18:20:50.262
0,28,12282,9729,2296,2024/03/11 18:21:20.312
0,0,12282,9729,2296,2024/03/11 18:21:50.376
0,42,12282,9729,2296,2024/03/11 18:22:20.420
0,71,12282,9729,2296,2024/03/11 18:22:50.461
0,2,12282,9729,2296,2024/03/11 18:23:20.521
0,4,12282,9729,2296,2024/03/11 18:23:50.560
0,0,12282,9729,2296,2024/03/11 18:24:20.602
0,0,12282,9729,2296,2024/03/11 18:24:50.644
0,1,12282,9729,2296,2024/03/11 18:25:20.708
0,6,12282,9729,2296,2024/03/11 18:25:50.758
0,1,12282,9729,2296,2024/03/11 18:26:20.805
0,3,12282,9729,2296,2024/03/11 18:26:50.861
0,0,12282,9729,2296,2024/03/11 18:27:20.913
0,1,12282,9729,2296,2024/03/11 18:27:50.955
0,21,12282,9729,2296,2024/03/11 18:28:21.000
0,1,12282,9729,2296,2024/03/11 18:28:51.053
0,3,12282,9729,2296,2024/03/11 18:29:21.106
0,61,12282,9729,2296,2024/03/11 18:29:51.152
0,0,12282,9729,2296,2024/03/11 18:30:21.206
0,0,12282,9729,2296,2024/03/11 18:30:51.260
0,0,12282,9729,2296,2024/03/11 18:31:21.311
0,3,12282,9729,2296,2024/03/11 18:31:51.367
0,98,12282,9729,2296,2024/03/11 18:32:21.416
0,0,12282,9729,2296,2024/03/11 18:32:51.492
0,0,12282,9729,2296,2024/03/11 18:33:21.554
0,1,12282,9729,2296,2024/03/11 18:33:51.594
0,83,12282,9729,2296,2024/03/11 18:34:21.679
0,1,12282,9729,2296,2024/03/11 18:34:51.733
0,0,12282,9733,2292,2024/03/11 18:35:21.778
0,45,12282,9733,2292,2024/03/11 18:35:51.831
0,67,12282,9733,2292,2024/03/11 18:36:21.882
0,0,12282,9733,2292,2024/03/11 18:36:51.930
0,0,12282,9733,2292,2024/03/11 18:37:21.971
0,84,12282,9733,2292,2024/03/11 18:37:52.035
0,0,12282,9733,2292,2024/03/11 18:38:22.083
0,41,12282,9733,2292,2024/03/11 18:38:52.127
0,0,12282,9733,2292,2024/03/11 18:39:22.179
0,8,12282,9733,2292,2024/03/11 18:39:52.223
0,4,12282,9733,2292,2024/03/11 18:40:22.265
0,1,12282,9733,2292,2024/03/11 18:40:52.311
0,0,12282,9733,2292,2024/03/11 18:41:22.375
0,1,12282,9733,2292,2024/03/11 18:41:52.426
0,0,12282,9733,2292,2024/03/11 18:42:22.476
0,84,12282,9733,2292,2024/03/11 18:42:52.525
0,31,12282,9733,2292,2024/03/11 18:43:22.576
0,0,12282,9733,2292,2024/03/11 18:43:52.624
0,0,12282,9733,2292,2024/03/11 18:44:22.668
0,0,12282,9733,2292,2024/03/11 18:44:52.713
0,0,12282,9733,2292,2024/03/11 18:45:22.759
0,0,12282,9733,2292,2024/03/11 18:45:52.811
0,10,12282,9733,2292,2024/03/11 18:46:22.855
0,0,12282,9733,2292,2024/03/11 18:46:52.902
0,0,12282,10445,1580,2024/03/11 18:47:22.953
0,0,12282,10445,1580,2024/03/11 18:47:53.008
0,4,12282,10445,1580,2024/03/11 18:48:23.062
0,94,12282,10445,1580,2024/03/11 18:48:53.120
0,0,12282,10445,1580,2024/03/11 18:49:23.174
0,0,12282,10445,1580,2024/03/11 18:49:53.215
0,1,12282,10445,1580,2024/03/11 18:50:23.262
0,0,12282,10445,1580,2024/03/11 18:50:53.313
0,0,12282,10445,1580,2024/03/11 18:51:23.357
0,1,12282,10445,1580,2024/03/11 18:51:53.414
0,0,12282,10445,1580,2024/03/11 18:52:23.466
0,0,12282,10445,1580,2024/03/11 18:52:53.508
0,4,12282,10445,1580,2024/03/11 18:53:23.559
0,0,12282,10445,1580,2024/03/11 18:53:53.605
0,0,12282,10445,1580,2024/03/11 18:54:23.651
0,0,12282,10445,1580,2024/03/11 18:54:53.692
0,0,12282,10445,1580,2024/03/11 18:55:23.742
0,9,12282,10445,1580,2024/03/11 18:55:53.796
0,0,12282,10445,1580,2024/03/11 18:56:23.848
0,64,12282,10445,1580,2024/03/11 18:56:53.900
0,0,12282,10445,1580,2024/03/11 18:57:23.943
0,83,12282,10445,1580,2024/03/11 18:57:53.991
0,7,12282,10445,1580,2024/03/11 18:58:24.040
0,85,12282,10445,1580,2024/03/11 18:58:54.107
0,26,12282,10445,1580,2024/03/11 18:59:24.148
0,1,12282,10445,1580,2024/03/11 18:59:54.193
0,0,12282,10445,1580,2024/03/11 19:00:24.235
0,5,12282,10445,1580,2024/03/11 19:00:54.281
0,0,12282,10445,1580,2024/03/11 19:01:24.336
0,74,12282,10445,1580,2024/03/11 19:01:54.381
0,37,12282,10445,1580,2024/03/11 19:02:24.435
0,0,12282,10445,1580,2024/03/11 19:02:54.480
0,0,12282,10445,1580,2024/03/11 19:03:24.538
0,0,12282,10445,1580,2024/03/11 19:03:54.583
0,10,12282,10445,1580,2024/03/11 19:04:24.630
0,33,12282,10445,1580,2024/03/11 19:04:54.687
0,0,12282,10445,1580,2024/03/11 19:05:24.735
0,8,12282,10445,1580,2024/03/11 19:05:54.790
0,1,12282,10445,1580,2024/03/11 19:06:24.835
0,0,12282,10445,1580,2024/03/11 19:06:54.888
0,0,12282,10445,1580,2024/03/11 19:07:24.935
0,0,12282,10445,1580,2024/03/11 19:07:54.979
0,65,12282,10445,1580,2024/03/11 19:08:25.026
0,0,12282,10445,1580,2024/03/11 19:08:55.065
0,0,12282,10445,1580,2024/03/11 19:09:25.109
0,0,12282,10445,1580,2024/03/11 19:09:55.154
0,1,12282,10449,1576,2024/03/11 19:10:25.206
0,0,12282,10449,1576,2024/03/11 19:10:55.259
0,0,12282,10449,1576,2024/03/11 19:11:25.299
0,0,12282,10449,1576,2024/03/11 19:11:55.352
0,85,12282,10449,1576,2024/03/11 19:12:25.395
0,0,12282,10449,1576,2024/03/11 19:12:55.443
0,31,12282,10449,1576,2024/03/11 19:13:25.485
0,79,12282,10449,1576,2024/03/11 19:13:55.533
0,0,12282,10449,1576,2024/03/11 19:14:25.573
0,0,12282,10449,1576,2024/03/11 19:14:55.628
0,92,12282,10449,1576,2024/03/11 19:15:25.670
0,0,12282,10449,1576,2024/03/11 19:15:55.726
0,44,12282,10449,1576,2024/03/11 19:16:25.772
0,2,12282,10449,1576,2024/03/11 19:16:55.825
0,0,12282,10449,1576,2024/03/11 19:17:25.878
0,3,12282,10449,1576,2024/03/11 19:17:55.931
0,86,12282,10449,1576,2024/03/11 19:18:25.983
0,0,12282,10449,1576,2024/03/11 19:18:56.026
0,0,12282,10449,1576,2024/03/11 19:19:26.072
0,3,12282,10449,1576,2024/03/11 19:19:56.121
0,1,12282,10449,1576,2024/03/11 19:20:26.172
0,11,12282,10449,1576,2024/03/11 19:20:56.215
0,4,12282,10449,1576,2024/03/11 19:21:26.259
0,10,12282,10449,1576,2024/03/11 19:21:56.305
0,19,12282,10449,1576,2024/03/11 19:22:26.356
0,2,12282,10449,1576,2024/03/11 19:22:56.406
0,63,12282,10449,1576,2024/03/11 19:23:26.463
0,68,12282,10449,1576,2024/03/11 19:23:56.513
0,77,12282,10449,1576,2024/03/11 19:24:26.562
0,0,12282,10449,1576,2024/03/11 19:24:56.617
0,0,12282,10449,1576,2024/03/11 19:25:26.665
0,1,12282,10449,1576,2024/03/11 19:25:56.713
0,0,12282,10449,1576,2024/03/11 19:26:26.768
0,1,12282,10449,1576,2024/03/11 19:26:56.822
0,4,12282,10449,1576,2024/03/11 19:27:26.868
0,0,12282,10449,1576,2024/03/11 19:27:56.926
0,21,12282,10449,1576,2024/03/11 19:28:26.975
0,23,12282,10449,1576,2024/03/11 19:28:57.028
0,69,12282,10449,1576,2024/03/11 19:29:27.075
0,0,12282,10449,1576,2024/03/11 19:29:57.118
0,0,12282,10449,1576,2024/03/11 19:30:27.171
0,0,12282,10449,1576,2024/03/11 19:30:57.221
0,4,12282,10449,1576,2024/03/11 19:31:27.269
0,0,12282,10449,1576,2024/03/11 19:31:57.328
0,0,12282,10449,1576,2024/03/11 19:32:27.372
0,0,12282,10449,1576,2024/03/11 19:32:57.415
0,20,12282,10449,1576,2024/03/11 19:33:27.471
0,14,12282,10449,1576,2024/03/11 19:33:57.523
0,18,12282,10449,1576,2024/03/11 19:34:27.577
0,14,12282,10449,1576,2024/03/11 19:34:57.634
0,0,12282,10449,1576,2024/03/11 19:35:27.679
0,90,12282,10449,1576,2024/03/11 19:35:57.732
0,0,12282,10449,1576,2024/03/11 19:36:27.784
0,0,12282,10449,1576,2024/03/11 19:36:57.828
0,22,12282,10449,1576,2024/03/11 19:37:27.875
0,0,12282,10449,1576,2024/03/11 19:37:57.924
0,1,12282,10449,1576,2024/03/11 19:38:27.973
0,88,12282,10449,1576,2024/03/11 19:38:58.024
0,1,12282,10449,1576,2024/03/11 19:39:28.098
0,1,12282,10449,1576,2024/03/11 19:39:58.139
0,0,12282,10449,1576,2024/03/11 19:40:28.186
0,0,12282,10449,1576,2024/03/11 19:40:58.227
0,68,12282,10449,1576,2024/03/11 19:41:28.272
0,0,12282,10449,1576,2024/03/11 19:41:58.330
0,1,12282,10449,1576,2024/03/11 19:42:28.372
0,1,12282,10449,1576,2024/03/11 19:42:58.420
0,0,12282,10449,1576,2024/03/11 19:43:28.473
0,0,12282,10449,1576,2024/03/11 19:43:58.525
0,83,12282,10449,1576,2024/03/11 19:44:28.574
0,0,12282,10452,1573,2024/03/11 19:44:58.632
0,11,12282,10452,1573,2024/03/11 19:45:28.682
0,16,12282,10452,1573,2024/03/11 19:45:58.738
0,0,12282,10452,1573,2024/03/11 19:46:28.793
0,4,12282,10452,1573,2024/03/11 19:46:58.844
0,85,12282,10452,1573,2024/03/11 19:47:28.889
0,0,12282,10452,1573,2024/03/11 19:47:58.933
0,0,12282,10452,1573,2024/03/11 19:48:28.979
0,0,12282,10452,1573,2024/03/11 19:48:59.026
0,7,12282,10452,1573,2024/03/11 19:49:29.078
0,47,12282,10452,1573,2024/03/11 19:49:59.133
0,14,12282,10452,1573,2024/03/11 19:50:29.187
0,0,12282,10452,1573,2024/03/11 19:50:59.231
0,82,12282,10452,1573,2024/03/11 19:51:29.280
0,1,12282,10452,1573,2024/03/11 19:51:59.338
0,2,12282,10452,1573,2024/03/11 19:52:29.377
0,7,12282,10452,1573,2024/03/11 19:52:59.428
0,4,12282,10452,1573,2024/03/11 19:53:29.470
0,0,12282,10452,1573,2024/03/11 19:53:59.517
0,13,12282,10452,1573,2024/03/11 19:54:29.561
0,97,12282,10452,1573,2024/03/11 19:54:59.652
0,0,12282,10452,1573,2024/03/11 19:55:29.734
0,0,12282,10452,1573,2024/03/11 19:55:59.781
0,10,12282,10452,1573,2024/03/11 19:56:29.832
0,80,12282,10452,1573,2024/03/11 19:56:59.890
0,8,12282,10452,1573,2024/03/11 19:57:29.936
0,73,12282,10452,1573,2024/03/11 19:57:59.982
0,7,12282,10452,1573,2024/03/11 19:58:30.030
0,0,12282,10452,1573,2024/03/11 19:59:00.073
0,78,12282,10452,1573,2024/03/11 19:59:30.122
0,45,12282,10452,1573,2024/03/11 20:00:00.166
0,4,12282,10452,1573,2024/03/11 20:00:30.217
0,2,12282,10452,1573,2024/03/11 20:01:00.273
0,53,12282,10452,1573,2024/03/11 20:01:30.328
0,1,12282,10452,1573,2024/03/11 20:02:00.379
0,0,12282,10452,1573,2024/03/11 20:02:30.431
0,0,12282,10452,1573,2024/03/11 20:03:00.483
0,0,12282,10452,1573,2024/03/11 20:03:30.533
0,15,12282,10452,1573,2024/03/11 20:04:00.585
0,94,12282,10452,1573,2024/03/11 20:04:30.629
0,45,12282,10452,1573,2024/03/11 20:05:00.684
0,0,12282,10452,1573,2024/03/11 20:05:30.733
0,0,12282,10452,1573,2024/03/11 20:06:00.778
0,0,12282,10452,1573,2024/03/11 20:06:30.826
0,0,12282,10452,1573,2024/03/11 20:07:00.887
0,0,12282,10452,1573,2024/03/11 20:07:30.927
0,0,12282,10452,1573,2024/03/11 20:08:00.985
0,0,12282,10452,1573,2024/03/11 20:08:31.035
0,10,12282,10452,1573,2024/03/11 20:09:01.088
0,14,12282,10452,1573,2024/03/11 20:09:31.139
0,0,12282,10452,1573,2024/03/11 20:10:01.188
0,6,12282,10452,1573,2024/03/11 20:10:31.271
0,0,12282,10452,1573,2024/03/11 20:11:01.326
0,7,12282,10452,1573,2024/03/11 20:11:31.377
0,45,12282,10452,1573,2024/03/11 20:12:01.420
0,85,12282,10452,1573,2024/03/11 20:12:31.467
0,0,12282,10452,1573,2024/03/11 20:13:01.524
0,0,12282,10452,1573,2024/03/11 20:13:31.572
0,22,12282,10452,1573,2024/03/11 20:14:01.616
0,9,12282,10452,1573,2024/03/11 20:14:31.667
0,1,12282,10452,1573,2024/03/11 20:15:01.714
0,0,12282,10452,1573,2024/03/11 20:15:31.754
0,78,12282,10452,1573,2024/03/11 20:16:01.798
0,0,12282,10452,1573,2024/03/11 20:16:31.846
0,1,12282,10452,1573,2024/03/11 20:17:01.905
0,0,12282,10452,1573,2024/03/11 20:17:31.955
0,0,12282,10452,1573,2024/03/11 20:18:01.996
0,0,12282,10452,1573,2024/03/11 20:18:32.051
0,2,12282,10452,1573,2024/03/11 20:19:02.103
0,0,12282,10456,1569,2024/03/11 20:19:32.157
0,9,12282,10456,1569,2024/03/11 20:20:02.212
0,0,12282,10456,1569,2024/03/11 20:20:32.261
0,0,12282,10456,1569,2024/03/11 20:21:02.307
0,0,12282,10456,1569,2024/03/11 20:21:32.358
0,0,12282,10456,1569,2024/03/11 20:22:02.411
0,2,12282,10456,1569,2024/03/11 20:22:32.463
0,71,12282,10456,1569,2024/03/11 20:23:02.511
0,0,12282,10456,1569,2024/03/11 20:23:32.567
0,0,12282,10456,1569,2024/03/11 20:24:02.606
0,0,12282,10456,1569,2024/03/11 20:24:32.654
0,0,12282,10456,1569,2024/03/11 20:25:02.710
0,0,12282,10456,1569,2024/03/11 20:25:32.759
0,1,12282,10456,1569,2024/03/11 20:26:02.812
0,0,12282,10456,1569,2024/03/11 20:26:32.862
0,1,12282,10456,1569,2024/03/11 20:27:02.900
0,83,12282,10456,1569,2024/03/11 20:27:32.941
0,0,12282,10456,1569,2024/03/11 20:28:02.992
0,0,12282,10456,1569,2024/03/11 20:28:33.047
0,0,12282,10456,1569,2024/03/11 20:29:03.085
0,0,12282,10456,1569,2024/03/11 20:29:33.131
0,0,12282,10456,1569,2024/03/11 20:30:03.176
0,0,12282,10456,1569,2024/03/11 20:30:33.222
0,69,12282,10456,1569,2024/03/11 20:31:03.305
0,9,12282,10456,1569,2024/03/11 20:31:33.357
0,0,12282,10456,1569,2024/03/11 20:32:03.406
0,0,12282,10456,1569,2024/03/11 20:32:33.448
0,0,12282,10456,1569,2024/03/11 20:33:03.490
0,1,12282,10456,1569,2024/03/11 20:33:33.536
0,0,12282,10456,1569,2024/03/11 20:34:03.587
0,7,12282,10456,1569,2024/03/11 20:34:33.638
0,1,12282,10456,1569,2024/03/11 20:35:03.692
0,0,12282,10456,1569,2024/03/11 20:35:33.739
0,0,12282,10456,1569,2024/03/11 20:36:03.782
0,80,12282,10456,1569,2024/03/11 20:36:33.839
0,64,12282,10456,1569,2024/03/11 20:37:03.907
0,0,12282,10456,1569,2024/03/11 20:37:33.947
0,2,12282,10456,1569,2024/03/11 20:38:03.995
0,0,12282,10456,1569,2024/03/11 20:38:34.043
0,4,12282,10456,1569,2024/03/11 20:39:04.091
0,0,12282,10456,1569,2024/03/11 20:39:34.146
0,0,12282,10456,1569,2024/03/11 20:40:04.195
0,45,12282,10456,1569,2024/03/11 20:40:34.242
0,0,12282,10456,1569,2024/03/11 20:41:04.309
0,0,12282,10456,1569,2024/03/11 20:41:34.356
0,9,12282,10456,1569,2024/03/11 20:42:04.397
0,1,12282,10456,1569,2024/03/11 20:42:34.448
0,0,12282,10456,1569,2024/03/11 20:43:04.487
0,0,12282,10456,1569,2024/03/11 20:43:34.532
0,0,12282,10456,1569,2024/03/11 20:44:04.574
0,0,12282,10456,1569,2024/03/11 20:44:34.626
0,0,12282,10456,1569,2024/03/11 20:45:04.679
0,0,12282,10456,1569,2024/03/11 20:45:34.720
0,0,12282,10456,1569,2024/03/11 20:46:04.765
0,0,12282,10456,1569,2024/03/11 20:46:34.820
0,0,12282,10456,1569,2024/03/11 20:47:04.866
0,7,12282,10456,1569,2024/03/11 20:47:34.907
0,6,12282,10456,1569,2024/03/11 20:48:04.948
0,0,12282,10456,1569,2024/03/11 20:48:34.998
0,0,12282,10456,1569,2024/03/11 20:49:05.043
0,0,12282,10456,1569,2024/03/11 20:49:35.094
0,0,12282,10456,1569,2024/03/11 20:50:05.143
0,0,12282,10456,1569,2024/03/11 20:50:35.195
0,1,12282,10456,1569,2024/03/11 20:51:05.246
0,4,12282,10456,1569,2024/03/11 20:51:35.289
0,10,12282,10456,1569,2024/03/11 20:52:05.335
0,0,12282,10456,1569,2024/03/11 20:52:35.375
0,0,12282,10456,1569,2024/03/11 20:53:05.429
0,0,12282,10456,1569,2024/03/11 20:53:35.514
0,0,12282,10460,1565,2024/03/11 20:54:05.560
0,0,12282,10460,1565,2024/03/11 20:54:35.607
0,0,12282,10460,1565,2024/03/11 20:55:05.657
0,0,12282,10460,1565,2024/03/11 20:55:35.710
0,90,12282,10460,1565,2024/03/11 20:56:05.765
0,26,12282,10460,1565,2024/03/11 20:56:35.809
0,8,12282,10460,1565,2024/03/11 20:57:05.855
0,0,12282,10460,1565,2024/03/11 20:57:35.900
0,32,12282,10460,1565,2024/03/11 20:58:05.947
0,0,12282,10460,1565,2024/03/11 20:58:36.001
0,82,12282,10460,1565,2024/03/11 20:59:06.041
0,23,12282,10460,1565,2024/03/11 20:59:36.086
0,13,12282,10460,1565,2024/03/11 21:00:06.130
0,92,12282,10460,1565,2024/03/11 21:00:36.177
0,1,12282,10460,1565,2024/03/11 21:01:06.228
0,0,12282,10460,1565,2024/03/11 21:01:36.279
0,6,12282,10460,1565,2024/03/11 21:02:06.327
0,0,12282,10460,1565,2024/03/11 21:02:36.377
0,0,12282,10460,1565,2024/03/11 21:03:06.430
0,0,12282,10460,1565,2024/03/11 21:03:36.485
0,83,12282,10460,1565,2024/03/11 21:04:06.579
0,0,12282,10460,1565,2024/03/11 21:04:36.662
0,0,12282,10460,1565,2024/03/11 21:05:06.720
0,97,12282,10460,1565,2024/03/11 21:05:36.772
0,0,12282,10460,1565,2024/03/11 21:06:06.814
0,48,12282,10460,1565,2024/03/11 21:06:36.856
0,1,12282,10864,1161,2024/03/11 21:07:06.904
0,78,12282,10864,1161,2024/03/11 21:07:36.947
0,14,12282,10864,1161,2024/03/11 21:08:06.991
0,33,12282,10864,1161,2024/03/11 21:08:37.041
0,86,12282,10864,1161,2024/03/11 21:09:07.090
0,2,12282,10864,1161,2024/03/11 21:09:37.147
0,25,12282,10864,1161,2024/03/11 21:10:07.192
0,7,12282,10864,1161,2024/03/11 21:10:37.246
0,3,12282,10864,1161,2024/03/11 21:11:07.301
0,2,12282,10864,1161,2024/03/11 21:11:37.344
0,1,12282,10864,1161,2024/03/11 21:12:07.385
0,8,12282,10864,1161,2024/03/11 21:12:37.439
0,6,12282,10460,1565,2024/03/11 21:13:07.494
0,13,12282,10460,1565,2024/03/11 21:13:37.544
0,0,12282,10460,1565,2024/03/11 21:14:07.593
0,89,12282,10460,1565,2024/03/11 21:14:37.632
0,0,12282,10460,1565,2024/03/11 21:15:07.676
0,63,12282,10460,1565,2024/03/11 21:15:37.719
0,3,12282,10460,1565,2024/03/11 21:16:07.769
0,18,12282,10460,1565,2024/03/11 21:16:37.824
0,0,12282,10460,1565,2024/03/11 21:17:07.865
0,9,12282,10460,1565,2024/03/11 21:17:37.913
0,0,12282,10460,1565,2024/03/11 21:18:07.958
0,86,12282,10460,1565,2024/03/11 21:18:38.009
0,5,12282,10460,1565,2024/03/11 21:19:08.051
0,0,12282,10460,1565,2024/03/11 21:19:38.100
0,0,12282,10460,1565,2024/03/11 21:20:08.148
0,46,12282,10460,1565,2024/03/11 21:20:38.200
0,34,12282,10460,1565,2024/03/11 21:21:08.314
0,22,12282,10460,1565,2024/03/11 21:21:38.363
0,0,12282,10460,1565,2024/03/11 21:22:08.414
0,0,12282,10460,1565,2024/03/11 21:22:38.465
0,70,12282,10460,1565,2024/03/11 21:23:08.543
0,0,12282,10460,1565,2024/03/11 21:23:38.594
0,0,12282,10460,1565,2024/03/11 21:24:08.646
0,2,12282,10460,1565,2024/03/11 21:24:38.688
0,95,12282,10460,1565,2024/03/11 21:25:08.740
0,4,12282,10460,1565,2024/03/11 21:25:38.792
0,1,12282,10460,1565,2024/03/11 21:26:08.842
0,0,12282,10460,1565,2024/03/11 21:26:38.900
0,0,12282,10460,1565,2024/03/11 21:27:08.942
0,5,12282,10460,1565,2024/03/11 21:27:38.996
0,0,12282,10460,1565,2024/03/11 21:28:09.036
0,13,12282,10464,1561,2024/03/11 21:28:39.084
0,0,12282,10464,1561,2024/03/11 21:29:09.129
0,0,12282,10464,1561,2024/03/11 21:29:39.170
0,1,12282,10464,1561,2024/03/11 21:30:09.214
0,0,12282,10464,1561,2024/03/11 21:30:39.254
0,1,12282,10464,1561,2024/03/11 21:31:09.304
0,0,12282,10464,1561,2024/03/11 21:31:39.347
0,0,12282,10464,1561,2024/03/11 21:32:09.400
0,86,12282,10464,1561,2024/03/11 21:32:39.448
0,97,12282,10464,1561,2024/03/11 21:33:09.518
0,40,12282,10464,1561,2024/03/11 21:33:39.560
0,8,12282,10464,1561,2024/03/11 21:34:09.613
0,0,12282,10464,1561,2024/03/11 21:34:39.667
0,0,12282,10464,1561,2024/03/11 21:35:09.716
0,0,12282,10464,1561,2024/03/11 21:35:39.765
0,7,12282,10464,1561,2024/03/11 21:36:09.820
0,0,12282,10464,1561,2024/03/11 21:36:39.865
0,7,12282,10464,1561,2024/03/11 21:37:09.919
0,0,12282,10464,1561,2024/03/11 21:37:39.962
0,4,12282,10464,1561,2024/03/11 21:38:10.014
0,0,12282,10464,1561,2024/03/11 21:38:40.064
0,1,12282,10464,1561,2024/03/11 21:39:10.105
0,55,12282,10464,1561,2024/03/11 21:39:40.146
0,0,12282,10464,1561,2024/03/11 21:40:10.189
0,0,12282,10464,1561,2024/03/11 21:40:40.240
0,90,12282,10464,1561,2024/03/11 21:41:10.288
0,3,12282,10464,1561,2024/03/11 21:41:40.338
0,0,12282,10464,1561,2024/03/11 21:42:10.381
0,0,12282,10464,1561,2024/03/11 21:42:40.435
0,6,12282,10464,1561,2024/03/11 21:43:10.477
0,15,12282,10464,1561,2024/03/11 21:43:40.527
0,6,12282,10464,1561,2024/03/11 21:44:10.572
0,0,12282,10464,1561,2024/03/11 21:44:40.623
0,0,12282,10464,1561,2024/03/11 21:45:10.675
0,24,12282,10464,1561,2024/03/11 21:45:40.727
0,0,12282,10464,1561,2024/03/11 21:46:10.772
0,0,12282,10464,1561,2024/03/11 21:46:40.825
0,75,12282,10464,1561,2024/03/11 21:47:10.876
0,0,12282,10464,1561,2024/03/11 21:47:40.931
0,0,12282,10464,1561,2024/03/11 21:48:10.984
0,93,12282,10464,1561,2024/03/11 21:48:41.067
0,0,12282,10464,1561,2024/03/11 21:49:11.110
0,2,12282,10464,1561,2024/03/11 21:49:41.164
0,0,12282,10464,1561,2024/03/11 21:50:11.216
0,0,12282,10464,1561,2024/03/11 21:50:41.260
0,37,12282,10464,1561,2024/03/11 21:51:11.311
0,1,12282,10464,1561,2024/03/11 21:51:41.365
0,2,12282,10464,1561,2024/03/11 21:52:11.416
0,43,12282,10464,1561,2024/03/11 21:52:41.460
0,0,12282,10464,1561,2024/03/11 21:53:11.513
0,0,12282,10464,1561,2024/03/11 21:53:41.553
0,8,12282,10464,1561,2024/03/11 21:54:11.600
0,43,12282,10464,1561,2024/03/11 21:54:41.658
0,0,12282,10464,1561,2024/03/11 21:55:11.707
0,0,12282,10464,1561,2024/03/11 21:55:41.755
0,0,12282,10464,1561,2024/03/11 21:56:11.807
0,0,12282,10464,1561,2024/03/11 21:56:41.859
0,7,12282,10464,1561,2024/03/11 21:57:11.912
0,0,12282,10464,1561,2024/03/11 21:57:41.960
0,6,12282,10464,1561,2024/03/11 21:58:12.008
0,14,12282,10464,1561,2024/03/11 21:58:42.048
0,29,12282,10464,1561,2024/03/11 21:59:12.087
0,0,12282,10464,1561,2024/03/11 21:59:42.138
0,9,12282,10464,1561,2024/03/11 22:00:12.192
0,1,12282,10464,1561,2024/03/11 22:00:42.244
0,4,12282,10464,1561,2024/03/11 22:01:12.297
0,0,12282,10464,1561,2024/03/11 22:01:42.351
0,5,12282,10464,1561,2024/03/11 22:02:12.397
0,98,12282,10464,1561,2024/03/11 22:02:42.445
0,0,12282,10468,1557,2024/03/11 22:03:12.495
0,0,12282,10468,1557,2024/03/11 22:03:42.538
0,72,12282,10468,1557,2024/03/11 22:04:12.582
0,0,12282,10468,1557,2024/03/11 22:04:42.636
0,0,12282,10468,1557,2024/03/11 22:05:12.685
0,0,12282,10468,1557,2024/03/11 22:05:42.734
0,0,12282,10468,1557,2024/03/11 22:06:12.781
0,5,12282,10468,1557,2024/03/11 22:06:42.824
0,0,12282,10468,1557,2024/03/11 22:07:12.877
0,0,12282,10468,1557,2024/03/11 22:07:42.923
0,17,12282,10468,1557,2024/03/11 22:08:12.969
0,0,12282,10468,1557,2024/03/11 22:08:43.019
0,0,12282,10468,1557,2024/03/11 22:09:13.058
0,5,12282,10468,1557,2024/03/11 22:09:43.098
0,5,12282,10468,1557,2024/03/11 22:10:13.147
0,1,12282,10468,1557,2024/03/11 22:10:43.198
0,0,12282,10468,1557,2024/03/11 22:11:13.242
0,0,12282,10468,1557,2024/03/11 22:11:43.287
0,0,12282,10468,1557,2024/03/11 22:12:13.336
0,8,12282,10468,1557,2024/03/11 22:12:43.389
0,0,12282,10468,1557,2024/03/11 22:13:13.433
0,7,12282,10468,1557,2024/03/11 22:13:43.474
0,7,12282,10468,1557,2024/03/11 22:14:13.521
0,10,12282,10468,1557,2024/03/11 22:14:43.570
0,0,12282,10468,1557,2024/03/11 22:15:13.615
0,0,12282,10468,1557,2024/03/11 22:15:43.665
0,89,12282,10468,1557,2024/03/11 22:16:13.720
0,0,12282,10468,1557,2024/03/11 22:16:43.769
0,93,12282,10468,1557,2024/03/11 22:17:13.820
0,6,12282,10468,1557,2024/03/11 22:17:43.863
0,0,12282,10468,1557,2024/03/11 22:18:13.914
0,40,12282,10468,1557,2024/03/11 22:18:43.952
0,0,12282,10468,1557,2024/03/11 22:19:14.000
0,0,12282,10468,1557,2024/03/11 22:19:44.046
0,1,12282,10468,1557,2024/03/11 22:20:14.094
0,13,12282,10468,1557,2024/03/11 22:20:44.134
0,0,12282,10468,1557,2024/03/11 22:21:14.180
0,1,12282,10468,1557,2024/03/11 22:21:44.233
0,68,12282,10468,1557,2024/03/11 22:22:14.281
0,1,12282,10468,1557,2024/03/11 22:22:44.331
0,4,12282,10468,1557,2024/03/11 22:23:14.384
0,7,12282,10468,1557,2024/03/11 22:23:44.437
0,1,12282,10468,1557,2024/03/11 22:24:14.492
0,0,12282,10468,1557,2024/03/11 22:24:44.536
0,4,12282,10468,1557,2024/03/11 22:25:14.594
0,0,12282,10468,1557,2024/03/11 22:25:44.643
0,0,12282,10468,1557,2024/03/11 22:26:14.692
0,98,12282,10468,1557,2024/03/11 22:26:44.745
0,2,12282,10468,1557,2024/03/11 22:27:14.784
0,9,12282,10468,1557,2024/03/11 22:27:44.829
0,43,12282,10468,1557,2024/03/11 22:28:14.884
0,22,12282,10468,1557,2024/03/11 22:28:44.930
0,1,12282,10468,1557,2024/03/11 22:29:14.979
0,0,12282,10468,1557,2024/03/11 22:29:45.020
0,24,12282,10468,1557,2024/03/11 22:30:15.076
0,93,12282,10468,1557,2024/03/11 22:30:45.126
0,79,12282,10468,1557,2024/03/11 22:31:15.174
0,0,12282,10468,1557,2024/03/11 22:31:45.263
0,0,12282,10468,1557,2024/03/11 22:32:15.309
0,1,12282,10468,1557,2024/03/11 22:32:45.359
0,0,12282,10468,1557,2024/03/11 22:33:15.401
0,0,12282,10468,1557,2024/03/11 22:33:45.442
0,86,12282,10468,1557,2024/03/11 22:34:15.488
0,0,12282,10468,1557,2024/03/11 22:34:45.541
0,5,12282,10468,1557,2024/03/11 22:35:15.594
0,38,12282,10468,1557,2024/03/11 22:35:45.648
0,24,12282,10468,1557,2024/03/11 22:36:15.703
0,13,12282,10468,1557,2024/03/11 22:36:45.746
0,0,12282,10468,1557,2024/03/11 22:37:15.792
0,0,12282,10472,1553,2024/03/11 22:37:45.839
0,49,12282,10472,1553,2024/03/11 22:38:15.892
0,0,12282,10472,1553,2024/03/11 22:38:45.934
0,0,12282,10472,1553,2024/03/11 22:39:15.976
0,16,12282,10472,1553,2024/03/11 22:39:46.021
0,0,12282,10472,1553,2024/03/11 22:40:16.082
0,88,12282,10472,1553,2024/03/11 22:40:46.130
0,14,12282,10472,1553,2024/03/11 22:41:16.175
0,3,12282,10472,1553,2024/03/11 22:41:46.222
0,0,12282,10472,1553,2024/03/11 22:42:16.269
0,0,12282,10472,1553,2024/03/11 22:42:46.316
0,0,12282,10472,1553,2024/03/11 22:43:16.372
0,5,12282,10472,1553,2024/03/11 22:43:46.415
0,0,12282,10472,1553,2024/03/11 22:44:16.455
0,1,12282,10472,1553,2024/03/11 22:44:46.513
0,90,12282,10472,1553,2024/03/11 22:45:16.568
0,0,12282,10472,1553,2024/03/11 22:45:46.613
0,8,12282,10472,1553,2024/03/11 22:46:16.659
0,15,12282,10472,1553,2024/03/11 22:46:46.707
0,0,12282,10472,1553,2024/03/11 22:47:16.761
0,0,12282,10472,1553,2024/03/11 22:47:46.809
0,0,12282,10472,1553,2024/03/11 22:48:16.864
0,0,12282,10472,1553,2024/03/11 22:48:46.916
0,1,12282,10472,1553,2024/03/11 22:49:16.963
0,0,12282,10472,1553,2024/03/11 22:49:47.012
0,0,12282,10472,1553,2024/03/11 22:50:17.068
0,0,12282,10472,1553,2024/03/11 22:50:47.108
0,72,12282,10472,1553,2024/03/11 22:51:17.163
0,1,12282,10472,1553,2024/03/11 22:51:47.210
0,12,12282,10472,1553,2024/03/11 22:52:17.250
0,0,12282,10472,1553,2024/03/11 22:52:47.299
0,2,12282,10472,1553,2024/03/11 22:53:17.349
0,0,12282,10472,1553,2024/03/11 22:53:47.396
0,58,12282,10472,1553,2024/03/11 22:54:17.435
0,0,12282,10472,1553,2024/03/11 22:54:47.488
0,8,12282,10472,1553,2024/03/11 22:55:17.531
0,0,12282,10472,1553,2024/03/11 22:55:47.576
0,12,12282,10472,1553,2024/03/11 22:56:17.616
0,0,12282,10472,1553,2024/03/11 22:56:47.664
0,85,12282,10472,1553,2024/03/11 22:57:17.709
0,3,12282,10472,1553,2024/03/11 22:57:47.752
0,0,12282,10472,1553,2024/03/11 22:58:17.795
0,0,12282,10472,1553,2024/03/11 22:58:47.840
0,0,12282,10472,1553,2024/03/11 22:59:17.886
0,0,12282,10472,1553,2024/03/11 22:59:47.942
0,1,12282,10472,1553,2024/03/11 23:00:17.990
0,13,12282,10472,1553,2024/03/11 23:00:48.039
0,65,12282,10472,1553,2024/03/11 23:01:18.083
0,3,12282,10472,1553,2024/03/11 23:01:48.138
0,0,12282,10472,1553,2024/03/11 23:02:18.194
0,9,12282,10472,1553,2024/03/11 23:02:48.242
0,0,12282,10472,1553,2024/03/11 23:03:18.285
0,17,12282,10472,1553,2024/03/11 23:03:48.338
0,30,12282,10472,1553,2024/03/11 23:04:18.386
0,0,12282,10472,1553,2024/03/11 23:04:48.445
0,69,12282,10472,1553,2024/03/11 23:05:18.491
0,0,12282,10472,1553,2024/03/11 23:05:48.542
0,4,12282,10472,1553,2024/03/11 23:06:18.585
0,0,12282,10472,1553,2024/03/11 23:06:48.636
0,5,12282,10472,1553,2024/03/11 23:07:18.676
0,13,12282,10472,1553,2024/03/11 23:07:48.717
0,0,12282,10472,1553,2024/03/11 23:08:18.765
0,0,12282,10472,1553,2024/03/11 23:08:48.804
0,1,12282,10472,1553,2024/03/11 23:09:18.855
0,0,12282,10472,1553,2024/03/11 23:09:48.911
0,0,12282,10472,1553,2024/03/11 23:10:18.961
0,0,12282,10472,1553,2024/03/11 23:10:49.005
0,0,12282,10472,1553,2024/03/11 23:11:19.057
0,5,12282,10472,1553,2024/03/11 23:11:49.110
0,1,12282,10476,1549,2024/03/11 23:12:19.156
0,13,12282,10476,1549,2024/03/11 23:12:49.205
0,0,12282,10476,1549,2024/03/11 23:13:19.254
0,19,12282,10476,1549,2024/03/11 23:13:49.295
0,1,12282,10476,1549,2024/03/11 23:14:19.338
0,0,12282,10476,1549,2024/03/11 23:14:49.389
0,0,12282,10476,1549,2024/03/11 23:15:19.429
0,0,12282,10476,1549,2024/03/11 23:15:49.478
0,80,12282,10476,1549,2024/03/11 23:16:19.536
0,0,12282,10476,1549,2024/03/11 23:16:49.590
0,10,12282,10476,1549,2024/03/11 23:17:19.642
0,0,12282,10476,1549,2024/03/11 23:17:49.695
0,0,12282,10476,1549,2024/03/11 23:18:19.740
0,4,12282,10476,1549,2024/03/11 23:18:49.791
0,86,12282,10476,1549,2024/03/11 23:19:19.842
0,0,12282,10476,1549,2024/03/11 23:19:49.897
0,17,12282,10476,1549,2024/03/11 23:20:19.947
0,0,12282,10476,1549,2024/03/11 23:20:49.991
0,0,12282,10476,1549,2024/03/11 23:21:20.043
0,85,12282,10476,1549,2024/03/11 23:21:50.098
0,14,12282,10476,1549,2024/03/11 23:22:20.147
0,7,12282,10476,1549,2024/03/11 23:22:50.198
0,0,12282,10476,1549,2024/03/11 23:23:20.239
0,0,12282,10476,1549,2024/03/11 23:23:50.279
0,4,12282,10476,1549,2024/03/11 23:24:20.327
0,9,12282,10476,1549,2024/03/11 23:24:50.376
0,1,12282,10476,1549,2024/03/11 23:25:20.422
0,1,12282,10476,1549,2024/03/11 23:25:50.469
0,1,12282,10476,1549,2024/03/11 23:26:20.514
0,7,12282,10476,1549,2024/03/11 23:26:50.559
0,0,12282,10476,1549,2024/03/11 23:27:20.613
0,84,12282,10476,1549,2024/03/11 23:27:50.665
0,42,12282,10476,1549,2024/03/11 23:28:20.750
0,2,12282,10476,1549,2024/03/11 23:28:50.792
0,0,12282,10476,1549,2024/03/11 23:29:20.836
0,0,12282,10476,1549,2024/03/11 23:29:50.876
0,0,12282,10476,1549,2024/03/11 23:30:20.928
0,1,12282,10476,1549,2024/03/11 23:30:50.970
0,0,12282,10476,1549,2024/03/11 23:31:21.016
0,12,12282,10476,1549,2024/03/11 23:31:51.069
0,4,12282,10476,1549,2024/03/11 23:32:21.117
0,0,12282,10476,1549,2024/03/11 23:32:51.158
0,0,12282,10476,1549,2024/03/11 23:33:21.208
0,0,12282,10476,1549,2024/03/11 23:33:51.255
0,0,12282,10476,1549,2024/03/11 23:34:21.301
0,88,12282,10476,1549,2024/03/11 23:34:51.348
0,0,12282,10476,1549,2024/03/11 23:35:21.392
0,0,12282,10476,1549,2024/03/11 23:35:51.442
0,0,12282,10476,1549,2024/03/11 23:36:21.484
0,0,12282,10476,1549,2024/03/11 23:36:51.533
0,6,12282,10476,1549,2024/03/11 23:37:21.575
0,59,12282,10476,1549,2024/03/11 23:37:51.617
0,30,12282,10476,1549,2024/03/11 23:38:21.795
0,0,12282,10476,1549,2024/03/11 23:38:51.835
0,0,12282,10476,1549,2024/03/11 23:39:21.887
0,0,12282,10476,1549,2024/03/11 23:39:51.936
0,28,12282,10476,1549,2024/03/11 23:40:21.978
0,3,12282,10476,1549,2024/03/11 23:40:52.022
0,6,12282,10476,1549,2024/03/11 23:41:22.069
0,81,12282,10476,1549,2024/03/11 23:41:52.124
0,6,12282,10476,1549,2024/03/11 23:42:22.174
0,0,12282,10476,1549,2024/03/11 23:42:52.214
0,58,12282,10476,1549,2024/03/11 23:43:22.276
0,2,12282,10476,1549,2024/03/11 23:43:52.323
0,4,12282,10476,1549,2024/03/11 23:44:22.371
0,0,12282,10476,1549,2024/03/11 23:44:52.426
0,0,12282,10476,1549,2024/03/11 23:45:22.477
0,14,12282,10476,1549,2024/03/11 23:45:52.517
0,3,12282,10476,1549,2024/03/11 23:46:22.568
0,50,12282,10476,1549,2024/03/11 23:46:52.617
0,0,12282,10480,1545,2024/03/11 23:47:22.662
0,80,12282,10480,1545,2024/03/11 23:47:52.716
0,4,12282,10480,1545,2024/03/11 23:48:22.770
0,0,12282,10480,1545,2024/03/11 23:48:52.809
0,82,12282,10480,1545,2024/03/11 23:49:22.848
0,6,12282,10480,1545,2024/03/11 23:49:52.892
0,66,12282,10480,1545,2024/03/11 23:50:22.942
0,0,12282,10480,1545,2024/03/11 23:50:52.987
0,73,12282,10480,1545,2024/03/11 23:51:23.041
0,7,12282,10480,1545,2024/03/11 23:51:53.089
0,0,12282,10480,1545,2024/03/11 23:52:23.131
0,0,12282,10480,1545,2024/03/11 23:52:53.187
0,4,12282,10480,1545,2024/03/11 23:53:23.238
0,3,12282,10480,1545,2024/03/11 23:53:53.281
0,6,12282,10480,1545,2024/03/11 23:54:23.330
0,1,12282,10480,1545,2024/03/11 23:54:53.384
0,6,12282,10480,1545,2024/03/11 23:55:23.427
0,0,12282,10480,1545,2024/03/11 23:55:53.467
0,4,12282,10480,1545,2024/03/11 23:56:23.510
0,19,12282,10480,1545,2024/03/11 23:56:53.554
0,1,12282,10480,1545,2024/03/11 23:57:23.596
0,0,12282,10480,1545,2024/03/11 23:57:53.642
0,0,12282,10480,1545,2024/03/11 23:58:23.692
0,0,12282,10480,1545,2024/03/11 23:58:53.732
0,45,12282,10480,1545,2024/03/11 23:59:23.781
0,5,12282,10480,1545,2024/03/11 23:59:53.824
0,11,12282,10480,1545,2024/03/12 00:00:23.868
0,11,12282,10480,1545,2024/03/12 00:00:53.910
0,5,12282,10480,1545,2024/03/12 00:01:23.962
0,51,12282,10480,1545,2024/03/12 00:01:54.008
0,0,12282,10480,1545,2024/03/12 00:02:24.055
0,0,12282,10480,1545,2024/03/12 00:02:54.099
0,0,12282,10480,1545,2024/03/12 00:03:24.143
0,0,12282,10480,1545,2024/03/12 00:03:54.183
0,97,12282,10480,1545,2024/03/12 00:04:24.232
0,6,12282,10480,1545,2024/03/12 00:04:54.287
0,1,12282,10480,1545,2024/03/12 00:05:24.325
0,69,12282,10480,1545,2024/03/12 00:05:54.386
0,61,12282,10480,1545,2024/03/12 00:06:24.429
0,9,12282,10480,1545,2024/03/12 00:06:54.475
0,3,12282,10480,1545,2024/03/12 00:07:24.516
0,7,12282,10480,1545,2024/03/12 00:07:54.560
0,65,12282,10480,1545,2024/03/12 00:08:24.616
0,9,12282,10480,1545,2024/03/12 00:08:54.656
0,11,12282,10480,1545,2024/03/12 00:09:24.712
0,76,12282,10480,1545,2024/03/12 00:09:54.757
0,9,12282,10480,1545,2024/03/12 00:10:24.809
0,0,12282,10480,1545,2024/03/12 00:10:54.857
0,61,12282,10480,1545,2024/03/12 00:11:24.905
0,1,12282,10480,1545,2024/03/12 00:11:54.954
0,0,12282,10480,1545,2024/03/12 00:12:24.998
0,0,12282,10480,1545,2024/03/12 00:12:55.044
0,0,12282,10480,1545,2024/03/12 00:13:25.121
0,0,12282,10480,1545,2024/03/12 00:13:55.164
0,55,12282,10480,1545,2024/03/12 00:14:25.214
0,1,12282,10480,1545,2024/03/12 00:14:55.263
0,2,12282,10480,1545,2024/03/12 00:15:25.317
0,0,12282,10480,1545,2024/03/12 00:15:55.367
0,1,12282,10480,1545,2024/03/12 00:16:25.421
0,0,12282,10480,1545,2024/03/12 00:16:55.474
